<?xml version="1.0" encoding="UTF-8"?>
<!-- Generated by org.testng.reporters.JUnitXMLReporter -->
<testsuite hostname="MSTSYS0098" ignored="0" name="ErrorMessageValidation" tests="1" failures="1" timestamp="04 Jan 2019 12:00:56 GMT" time="38.834" errors="0">
  <testcase name="formerrorvalidation" time="15.288" classname="com.mst.smokesuite.automationtraining.executionpage.TestExecutionValidation">
    <failure type="com.mst.automationtraining.customexception.Customexception" message="Mousehover not performed">
      <![CDATA[com.mst.automationtraining.customexception.Customexception: Mousehover not performed
	at com.mst.automationtraining.utility.Utility.highlightFailedElement(Utility.java:56)
	at com.mst.automationtraining.pageobject.Form101validation.errorvalidation(Form101validation.java:43)
	at com.mst.smokesuite.automationtraining.executionpage.TestExecutionValidation.formerrorvalidation(TestExecutionValidation.java:36)
... Removed 25 stack frames]]>
    </failure>
  </testcase> <!-- formerrorvalidation -->
</testsuite> <!-- ErrorMessageValidation -->
