<?xml version="1.0" encoding="UTF-8"?>
<!-- Generated by org.testng.reporters.JUnitXMLReporter -->
<testsuite hostname="MSTSYS0098" ignored="0" name="ErrorMessageValidation" tests="1" failures="0" timestamp="04 Jan 2019 11:22:32 GMT" time="0.328" errors="0">
  <testcase name="@BeforeMethod getBrowser" time="0.268" classname="com.mst.automationtraining.basetest.BaseTest">
    <failure type="java.lang.IllegalStateException" message="The path to the driver executable must be set by the webdriver.gecko.driver system property; for more information, see https://github.com/mozilla/geckodriver. The latest version can be downloaded from https://github.com/mozilla/geckodriver/releases">
      <![CDATA[java.lang.IllegalStateException: The path to the driver executable must be set by the webdriver.gecko.driver system property; for more information, see https://github.com/mozilla/geckodriver. The latest version can be downloaded from https://github.com/mozilla/geckodriver/releases
	at com.google.common.base.Preconditions.checkState(Preconditions.java:738)
	at org.openqa.selenium.remote.service.DriverService.findExecutable(DriverService.java:124)
	at org.openqa.selenium.firefox.GeckoDriverService.access$100(GeckoDriverService.java:41)
	at org.openqa.selenium.firefox.GeckoDriverService$Builder.findDefaultExecutable(GeckoDriverService.java:115)
	at org.openqa.selenium.remote.service.DriverService$Builder.build(DriverService.java:330)
	at org.openqa.selenium.firefox.FirefoxDriver.toExecutor(FirefoxDriver.java:207)
	at org.openqa.selenium.firefox.FirefoxDriver.<init>(FirefoxDriver.java:108)
	at org.openqa.selenium.firefox.FirefoxDriver.<init>(FirefoxDriver.java:104)
	at com.mst.automationtraining.browser.BrowserFactory.getDriver(BrowserFactory.java:39)
	at com.mst.automationtraining.basetest.BaseTest.getBrowser(BaseTest.java:47)
... Removed 27 stack frames]]>
    </failure>
  </testcase> <!-- @BeforeMethod getBrowser -->
  <testcase name="formerrorvalidation" time="0.0" classname="com.mst.smokesuite.automationtraining.executionpage.TestExecutionValidation">
    <skipped/>
  </testcase> <!-- formerrorvalidation -->
</testsuite> <!-- ErrorMessageValidation -->
