<?xml version="1.0" encoding="UTF-8"?>
<testng-results skipped="0" failed="0" ignored="0" total="1" passed="1">
  <reporter-output>
  </reporter-output>
  <suite name="Suite" duration-ms="139" started-at="2019-01-04T11:28:18Z" finished-at="2019-01-04T11:28:18Z">
    <groups>
    </groups>
    <test name="Test Batch" duration-ms="139" started-at="2019-01-04T11:28:18Z" finished-at="2019-01-04T11:28:18Z">
      <class name="test.Tester">
        <test-method status="PASS" signature="mains()[pri:0, instance:test.Tester@6a4f787b]" name="mains" duration-ms="56" started-at="2019-01-04T16:58:18Z" finished-at="2019-01-04T16:58:18Z">
          <reporter-output>
          </reporter-output>
        </test-method> <!-- mains -->
      </class> <!-- test.Tester -->
    </test> <!-- Test Batch -->
  </suite> <!-- Suite -->
</testng-results>
